0 info it worked if it ends with ok
1 verbose cli [ 'F:\\software download\\nodejs\\node.exe',
1 verbose cli   'F:\\software download\\nodejs\\node_modules\\npm\\bin\\npm-cli.js',
1 verbose cli   'start' ]
2 info using npm@3.10.10
3 info using node@v6.11.3
4 verbose run-script [ 'prestart', 'start', 'poststart' ]
5 info lifecycle p2g@1.0.0~prestart: p2g@1.0.0
6 silly lifecycle p2g@1.0.0~prestart: no script for prestart, continuing
7 info lifecycle p2g@1.0.0~start: p2g@1.0.0
8 verbose lifecycle p2g@1.0.0~start: unsafe-perm in lifecycle true
9 verbose lifecycle p2g@1.0.0~start: PATH: F:\software download\nodejs\node_modules\npm\bin\node-gyp-bin;F:\studyFile\p2g\node_modules\.bin;F:\software download\nodejs;F:\software\Git\Git\cmd;F:\software\mysql\bin;F:\software\nodejs\;C:\Users\lzz\AppData\Local\Microsoft\WindowsApps;C:\Users\lzz\AppData\Roaming\npm
10 verbose lifecycle p2g@1.0.0~start: CWD: F:\studyFile\p2g
11 silly lifecycle p2g@1.0.0~start: Args: [ '/d /s /c',
11 silly lifecycle   'webpack-dev-server --config webpack.dev.config.js' ]
12 silly lifecycle p2g@1.0.0~start: Returned: code: 1  signal: null
13 info lifecycle p2g@1.0.0~start: Failed to exec start script
14 verbose stack Error: p2g@1.0.0 start: `webpack-dev-server --config webpack.dev.config.js`
14 verbose stack Exit status 1
14 verbose stack     at EventEmitter.<anonymous> (F:\software download\nodejs\node_modules\npm\lib\utils\lifecycle.js:255:16)
14 verbose stack     at emitTwo (events.js:106:13)
14 verbose stack     at EventEmitter.emit (events.js:191:7)
14 verbose stack     at ChildProcess.<anonymous> (F:\software download\nodejs\node_modules\npm\lib\utils\spawn.js:40:14)
14 verbose stack     at emitTwo (events.js:106:13)
14 verbose stack     at ChildProcess.emit (events.js:191:7)
14 verbose stack     at maybeClose (internal/child_process.js:920:16)
14 verbose stack     at Process.ChildProcess._handle.onexit (internal/child_process.js:230:5)
15 verbose pkgid p2g@1.0.0
16 verbose cwd F:\studyFile\p2g\src\redux
17 error Windows_NT 10.0.15063
18 error argv "F:\\software download\\nodejs\\node.exe" "F:\\software download\\nodejs\\node_modules\\npm\\bin\\npm-cli.js" "start"
19 error node v6.11.3
20 error npm  v3.10.10
21 error code ELIFECYCLE
22 error p2g@1.0.0 start: `webpack-dev-server --config webpack.dev.config.js`
22 error Exit status 1
23 error Failed at the p2g@1.0.0 start script 'webpack-dev-server --config webpack.dev.config.js'.
23 error Make sure you have the latest version of node.js and npm installed.
23 error If you do, this is most likely a problem with the p2g package,
23 error not with npm itself.
23 error Tell the author that this fails on your system:
23 error     webpack-dev-server --config webpack.dev.config.js
23 error You can get information on how to open an issue for this project with:
23 error     npm bugs p2g
23 error Or if that isn't available, you can get their info via:
23 error     npm owner ls p2g
23 error There is likely additional logging output above.
24 verbose exit [ 1, true ]
